c:\users\tjt\documents\github\mmtt1\vs2010\manifoldlib\debug\nosuchsocket.obj
c:\users\tjt\documents\github\mmtt1\vs2010\manifoldlib\debug\nosuchutil.obj
c:\users\tjt\documents\github\mmtt1\vs2010\manifoldlib\debug\blob.obj
c:\users\tjt\documents\github\mmtt1\vs2010\manifoldlib\debug\blobcontour.obj
c:\users\tjt\documents\github\mmtt1\vs2010\manifoldlib\debug\bloboperators.obj
c:\users\tjt\documents\github\mmtt1\vs2010\manifoldlib\debug\blobresult.obj
c:\users\tjt\documents\github\mmtt1\vs2010\manifoldlib\debug\componentlabeling.obj
c:\users\tjt\documents\github\mmtt1\vs2010\manifoldlib\debug\sharememheader.obj
c:\users\tjt\documents\github\mmtt1\vs2010\manifoldlib\debug\ut_mutex.obj
c:\users\tjt\documents\github\mmtt1\vs2010\manifoldlib\debug\ut_sharedmem.obj
c:\users\tjt\documents\github\mmtt1\vs2010\manifoldlib\debug\oscbundle.obj
c:\users\tjt\documents\github\mmtt1\vs2010\manifoldlib\debug\oscmessage.obj
c:\users\tjt\documents\github\mmtt1\vs2010\manifoldlib\debug\oscsender.obj
c:\users\tjt\documents\github\mmtt1\vs2010\manifoldlib\debug\ipendpointname.obj
c:\users\tjt\documents\github\mmtt1\vs2010\manifoldlib\debug\networkingutils.obj
c:\users\tjt\documents\github\mmtt1\vs2010\manifoldlib\debug\udpsocket.obj
c:\users\tjt\documents\github\mmtt1\vs2010\manifoldlib\debug\oscoutboundpacketstream.obj
c:\users\tjt\documents\github\mmtt1\vs2010\manifoldlib\debug\oscprintreceivedelements.obj
c:\users\tjt\documents\github\mmtt1\vs2010\manifoldlib\debug\oscreceivedelements.obj
c:\users\tjt\documents\github\mmtt1\vs2010\manifoldlib\debug\osctypes.obj
c:\users\tjt\documents\github\mmtt1\vs2010\manifoldlib\debug\cjson.obj
c:\users\tjt\documents\github\mmtt1\vs2010\manifoldlib\debug\ffgl.obj
c:\users\tjt\documents\github\mmtt1\vs2010\manifoldlib\debug\ffglplugininstance.obj
c:\users\tjt\documents\github\mmtt1\vs2010\manifoldlib\debug\ffutil.obj
c:\users\tjt\documents\github\mmtt1\vs2010\manifoldlib\debug\winplugininstance.obj
c:\users\tjt\documents\github\mmtt1\vs2010\manifoldlib\debug\nosuchdebug.obj
c:\users\tjt\documents\github\mmtt1\vs2010\manifoldlib\debug\nosuchexception.obj
c:\users\tjt\documents\github\mmtt1\vs2010\manifoldlib\debug\nosuchhttp.obj
c:\users\tjt\documents\github\mmtt1\vs2010\manifoldlib\debug\nosuchmidi.obj
c:\users\tjt\documents\github\mmtt1\vs2010\manifoldlib\debug\nosuchoscinput.obj
c:\users\tjt\documents\github\mmtt1\vs2010\manifoldlib\debug\nosuchosctcpinput.obj
c:\users\tjt\documents\github\mmtt1\vs2010\manifoldlib\debug\nosuchoscudpinput.obj
c:\users\tjt\documents\github\mmtt1\vs2010\manifoldlib\debug\vc100.pdb
c:\users\tjt\documents\github\mmtt1\vs2010\manifoldlib\debug\portmidi.obj
c:\users\tjt\documents\github\mmtt1\vs2010\manifoldlib\debug\pmwin.obj
c:\users\tjt\documents\github\mmtt1\vs2010\manifoldlib\debug\pmwinmm.obj
c:\users\tjt\documents\github\mmtt1\vs2010\manifoldlib\debug\porttime.obj
c:\users\tjt\documents\github\mmtt1\vs2010\manifoldlib\debug\ptwinmm.obj
c:\users\tjt\documents\github\mmtt1\vs2010\manifoldlib\debug\adler32.obj
c:\users\tjt\documents\github\mmtt1\vs2010\manifoldlib\debug\compress.obj
c:\users\tjt\documents\github\mmtt1\vs2010\manifoldlib\debug\crc32.obj
c:\users\tjt\documents\github\mmtt1\vs2010\manifoldlib\debug\deflate.obj
c:\users\tjt\documents\github\mmtt1\vs2010\manifoldlib\debug\gzclose.obj
c:\users\tjt\documents\github\mmtt1\vs2010\manifoldlib\debug\gzlib.obj
c:\users\tjt\documents\github\mmtt1\vs2010\manifoldlib\debug\gzread.obj
c:\users\tjt\documents\github\mmtt1\vs2010\manifoldlib\debug\gzwrite.obj
c:\users\tjt\documents\github\mmtt1\vs2010\manifoldlib\debug\infback.obj
c:\users\tjt\documents\github\mmtt1\vs2010\manifoldlib\debug\inffast.obj
c:\users\tjt\documents\github\mmtt1\vs2010\manifoldlib\debug\inflate.obj
c:\users\tjt\documents\github\mmtt1\vs2010\manifoldlib\debug\inftrees.obj
c:\users\tjt\documents\github\mmtt1\vs2010\manifoldlib\debug\trees.obj
c:\users\tjt\documents\github\mmtt1\vs2010\manifoldlib\debug\uncompr.obj
c:\users\tjt\documents\github\mmtt1\vs2010\manifoldlib\debug\zutil.obj
c:\users\tjt\documents\github\mmtt1\vs2010\manifoldlib\debug\sha1.obj
c:\users\tjt\documents\github\mmtt1\vs2010\manifoldlib\debug\pmutil.obj
c:\users\tjt\documents\github\mmtt1\vs2010\manifoldlib\debug\manifoldlib.lib
c:\users\tjt\documents\github\mmtt1\vs2010\manifoldlib\debug\cl.command.1.tlog
c:\users\tjt\documents\github\mmtt1\vs2010\manifoldlib\debug\cl.read.1.tlog
c:\users\tjt\documents\github\mmtt1\vs2010\manifoldlib\debug\cl.write.1.tlog
c:\users\tjt\documents\github\mmtt1\vs2010\manifoldlib\debug\lib-link.read.1.tlog
c:\users\tjt\documents\github\mmtt1\vs2010\manifoldlib\debug\lib-link.write.1.tlog
c:\users\tjt\documents\github\mmtt1\vs2010\manifoldlib\debug\lib.command.1.tlog
c:\users\tjt\documents\github\mmtt1\vs2010\manifoldlib\debug\vc100.idb
