C:\Users\tjt\Documents\GitHub\MMTT1\vs2010\mmtt_depth\Debug\cl.command.1.tlog
C:\Users\tjt\Documents\GitHub\MMTT1\vs2010\mmtt_depth\Debug\CL.read.1.tlog
C:\Users\tjt\Documents\GitHub\MMTT1\vs2010\mmtt_depth\Debug\CL.write.1.tlog
C:\USERS\TJT\DOCUMENTS\GITHUB\MMTT1\VS2010\MMTT_DEPTH\DEBUG\DEPTHBASICS.RES
C:\Users\tjt\Documents\GitHub\MMTT1\vs2010\mmtt_depth\Debug\link.command.1.tlog
C:\Users\tjt\Documents\GitHub\MMTT1\vs2010\mmtt_depth\Debug\link.read.1.tlog
C:\Users\tjt\Documents\GitHub\MMTT1\vs2010\mmtt_depth\Debug\link.write.1.tlog
C:\Users\tjt\Documents\GitHub\MMTT1\vs2010\mmtt_depth\Debug\link-cvtres.read.1.tlog
C:\Users\tjt\Documents\GitHub\MMTT1\vs2010\mmtt_depth\Debug\link-cvtres.write.1.tlog
C:\USERS\TJT\DOCUMENTS\GITHUB\MMTT1\VS2010\MMTT_DEPTH\DEBUG\MAIN.OBJ
C:\USERS\TJT\DOCUMENTS\GITHUB\MMTT1\VS2010\MMTT_DEPTH\DEBUG\MMTT.RES
C:\USERS\TJT\DOCUMENTS\GITHUB\MMTT1\VS2010\MMTT_DEPTH\DEBUG\MMTT_CREATIVE.OBJ
C:\USERS\TJT\DOCUMENTS\GITHUB\MMTT1\VS2010\MMTT_DEPTH\DEBUG\MMTT_DEPTH.EXE
C:\USERS\TJT\DOCUMENTS\GITHUB\MMTT1\VS2010\MMTT_DEPTH\DEBUG\MMTT_DEPTH.EXE.INTERMEDIATE.MANIFEST
C:\USERS\TJT\DOCUMENTS\GITHUB\MMTT1\VS2010\MMTT_DEPTH\DEBUG\MMTT_DEPTH.ILK
C:\USERS\TJT\DOCUMENTS\GITHUB\MMTT1\VS2010\MMTT_DEPTH\DEBUG\MMTT_DEPTH.OBJ
C:\USERS\TJT\DOCUMENTS\GITHUB\MMTT1\VS2010\MMTT_DEPTH\DEBUG\MMTT_DEPTH.PDB
C:\Users\tjt\Documents\GitHub\MMTT1\vs2010\mmtt_depth\Debug\Mmtt_depth.write.1.tlog
C:\USERS\TJT\DOCUMENTS\GITHUB\MMTT1\VS2010\MMTT_DEPTH\DEBUG\MMTT_KINECT.OBJ
C:\USERS\TJT\DOCUMENTS\GITHUB\MMTT1\VS2010\MMTT_DEPTH\DEBUG\MMTT_SERVER.OBJ
C:\Users\tjt\Documents\GitHub\MMTT1\vs2010\mmtt_depth\Debug\mt.command.1.tlog
C:\Users\tjt\Documents\GitHub\MMTT1\vs2010\mmtt_depth\Debug\mt.read.1.tlog
C:\Users\tjt\Documents\GitHub\MMTT1\vs2010\mmtt_depth\Debug\mt.write.1.tlog
C:\Users\tjt\Documents\GitHub\MMTT1\vs2010\mmtt_depth\Debug\rc.command.1.tlog
C:\Users\tjt\Documents\GitHub\MMTT1\vs2010\mmtt_depth\Debug\rc.read.1.tlog
C:\Users\tjt\Documents\GitHub\MMTT1\vs2010\mmtt_depth\Debug\rc.write.1.tlog
C:\Users\tjt\Documents\GitHub\MMTT1\vs2010\mmtt_depth\Debug\vc100.idb
C:\USERS\TJT\DOCUMENTS\GITHUB\MMTT1\VS2010\MMTT_DEPTH\DEBUG\VC100.PDB
Debug\Mmtt_depth.ilk
Debug\Mmtt_depth.pdb
