Build started 11/20/2015 12:31:23 PM.
     1>Project "C:\Users\tjt\Documents\GitHub\MMTT1\vs2010\mmtt_depth\Mmtt_depth.vcxproj" on node 2 (Build target(s)).
     1>ClCompile:
         c:\Program Files (x86)\Microsoft Visual Studio 10.0\VC\bin\CL.exe /c /I..\..\src\nosuch /I..\..\src\mmtt_depth /I..\..\src\osc\include /I..\..\src\cvblobslib\src /I..\..\src\opencv\include /I..\..\src\cJSON /I"..\..\src\pthreads-win32-2.8.0\Pre-built.2\include" /I..\..\src\portmidi\porttime /I..\..\src\portmidi\pm_common /I/include /I/sample/common/include /Ic:\Python26\include /I"C:\Program Files\Microsoft SDKs\Kinect\v1.8\inc" /Zi /nologo /W3 /WX- /Od /Oy- /D WIN32 /D _DEBUG /D _WINDOWS /D _CRT_SECURE_NO_WARNINGS /D _CRT_SECURE_NO_DEPRECATE /D _CRT_NONSTDC_NO_DEPRECATE /D _UNICODE /D UNICODE /Gm /EHa /RTC1 /MTd /GS /fp:fast /Zc:wchar_t /Zc:forScope /Fo"Debug\\" /Fd"Debug\vc100.pdb" /Gd /TP /analyze- /errorReport:prompt ..\..\src\mmtt_depth\mmtt_server.cpp
         mmtt_server.cpp
       Link:
         c:\Program Files (x86)\Microsoft Visual Studio 10.0\VC\bin\link.exe /ERRORREPORT:PROMPT /OUT:"Debug\Mmtt_depth.exe" /NOLOGO /LIBPATH:..\..\src\opencv\lib\Debug /LIBPATH:..\..\src\opencv\3rdparty\lib\Debug /LIBPATH:..\..\vs2010\ManifoldLib\Debug /LIBPATH:"..\..\src\pthreads-win32-2.8.0\Pre-built.2\lib" /LIBPATH:C:\Python26\libs /LIBPATH:"C:\Program Files\Microsoft SDKs\Kinect\v1.8\lib\x86" opencv_highgui242d.lib opencv_core242d.lib opencv_flann242d.lib opencv_ml242d.lib opencv_imgproc242d.lib libjpegd.lib libpngd.lib libtiffd.lib libjasperd.lib ManifoldLib.lib pthreadVC2.lib winmm.lib Kinect10.lib kernel32.lib user32.lib gdi32.lib winspool.lib comdlg32.lib advapi32.lib shell32.lib ole32.lib oleaut32.lib uuid.lib odbc32.lib odbccp32.lib /NODEFAULTLIB:LIBCMT /MANIFEST /ManifestFile:"Debug\Mmtt_depth.exe.intermediate.manifest" /MANIFESTUAC:"level='asInvoker' uiAccess='false'" /DEBUG /PDB:"C:\Users\tjt\Documents\GitHub\MMTT1\vs2010\mmtt_depth\Debug\Mmtt_depth.pdb" /SUBSYSTEM:WINDOWS /TLBID:1 /DYNAMICBASE /NXCOMPAT /IMPLIB:"Debug\Mmtt_depth.lib" /MACHINE:X86 Debug\DepthBasics.res
         Debug\mmtt.res
         Debug\main.obj
         Debug\mmtt_creative.obj
         Debug\mmtt_depth.obj
         Debug\mmtt_kinect.obj
         Debug\mmtt_server.obj /ignore:4099 
         LINK : Debug\Mmtt_depth.exe not found or not built by the last incremental link; performing full link
         Mmtt_depth.vcxproj -> C:\Users\tjt\Documents\GitHub\MMTT1\vs2010\mmtt_depth\Debug\Mmtt_depth.exe
       Manifest:
         C:\Program Files (x86)\Microsoft SDKs\Windows\v7.0A\bin\mt.exe /nologo /verbose /outputresource:"Debug\Mmtt_depth.exe;#1" /manifest Debug\Mmtt_depth.exe.intermediate.manifest
       PostBuildEvent:
         copy Debug\Mmtt_depth.exe ..\..\bin\Mmtt_depth.exe
         :VCEnd
                 1 file(s) copied.
     1>Done Building Project "C:\Users\tjt\Documents\GitHub\MMTT1\vs2010\mmtt_depth\Mmtt_depth.vcxproj" (Build target(s)).

Build succeeded.

Time Elapsed 00:00:04.58
